<?xml version="1.0" encoding="UTF-8"?>
<testsuite name="Tests" tests="1" skipped="0" failures="0" errors="0" timestamp="2025-10-21T18:21:16" hostname="DESKTOP-QJJ8IGM" time="0.011">
  <properties/>
  <testcase name="testSolution()" classname="Tests" time="0.011"/>
  <system-out><![CDATA[]]></system-out>
  <system-err><![CDATA[]]></system-err>
</testsuite>
