<?xml version="1.0" encoding="UTF-8"?>
<testsuite name="Tests" tests="5" skipped="0" failures="0" errors="0" timestamp="2025-10-21T19:30:14" hostname="DESKTOP-QJJ8IGM" time="0.032">
  <properties/>
  <testcase name="[1] [5, 5], [25]" classname="Tests" time="0.024"/>
  <testcase name="[2] [10, 20], [200]" classname="Tests" time="0.001"/>
  <testcase name="[3] [3, 7], [21]" classname="Tests" time="0.001"/>
  <testcase name="[4] [0, 0], [0]" classname="Tests" time="0.001"/>
  <testcase name="[5] [15, 30], [450]" classname="Tests" time="0.001"/>
  <system-out><![CDATA[]]></system-out>
  <system-err><![CDATA[]]></system-err>
</testsuite>
