<?xml version="1.0" encoding="UTF-8"?>
<testsuite name="Tests" tests="2" skipped="0" failures="0" errors="0" timestamp="2025-10-21T18:46:44" hostname="DESKTOP-QJJ8IGM" time="0.015">
  <properties/>
  <testcase name="testSolution()" classname="Tests" time="0.013"/>
  <testcase name="testVariables()" classname="Tests" time="0.001"/>
  <system-out><![CDATA[]]></system-out>
  <system-err><![CDATA[]]></system-err>
</testsuite>
